2025-07-18 16:48:56.270 - DBeaver 25.1.2.202507061449 is starting
2025-07-18 16:48:56.270 - OS: Windows 10 10.0 (amd64)
2025-07-18 16:48:56.270 - Java version: 21.0.5 by Eclipse Adoptium (64bit)
2025-07-18 16:48:56.270 - Install path: 'D:\web_0900_ksh\dbms\resource\dbeaver-ce-25.1.2-win32.win32.x86_64\dbeaver'
2025-07-18 16:48:56.270 - Instance path: 'file:/D:/web_0900_ksh/dbms/workspace/'
2025-07-18 16:48:56.270 - Memory available 64Mb/1024Mb
2025-07-18 16:48:56.270 - Create display
> Start Eclipse IDE UI [org.eclipse.ui.ide 3.22.600.v20250523-1502]
2025-07-18 16:48:56.384 - Initialize desktop platform...
2025-07-18 16:48:56.464 - BounceCastle bundle found. Use JCE provider BC
> Start Core File Systems [org.eclipse.core.filesystem 1.11.200.v20250513-1234]
> Start Core Resource Management [org.eclipse.core.resources 3.22.200.v20250513-1234]
> Start Team Support Core [org.eclipse.team.core 3.10.700.v20250313-0656]
> Start DBeaver UI Navigator [org.jkiss.dbeaver.ui.navigator 1.0.158.202507061449]
2025-07-18 16:48:56.604 - Initialize base platform...
2025-07-18 16:48:56.619 - send collected statistics
2025-07-18 16:48:56.624 - Platform initialized (240ms)
2025-07-18 16:48:56.640 - Starting instance server at http://localhost:50937
2025-07-18 16:48:56.658 - Run workbench
> Start Eclipse e4 Workbench SWT [org.eclipse.e4.ui.workbench.swt 0.17.800.v20250422-1254]
> Start Eclipse Application Services [org.eclipse.e4.core.services 2.5.200.v20250326-1945]
> Start Eclipse UI Application Services [org.eclipse.e4.ui.services 1.6.500.v20250123-0754]
> Start Eclipse e4 Progress View [org.eclipse.e4.ui.progress 0.4.800.v20250422-1254]
> Start Eclipse Bindings Support [org.eclipse.e4.ui.bindings 0.14.600.v20250331-1050]
> Start Eclipse e4 core commands [org.eclipse.e4.core.commands 1.1.600.v20250307-1331]
> Start EMF XML/XMI Persistence [org.eclipse.emf.ecore.xmi 2.39.0.v20250414-1351]
> Start Eclipse CSS SWT Theme Support [org.eclipse.e4.ui.css.swt.theme 0.14.500.v20250213-1508]
> Start Eclipse e4 Workbench Add-ons [org.eclipse.e4.ui.workbench.addons.swt 1.5.700.v20250422-1254]
> Start Eclipse e4 Workbench SWT Renderer [org.eclipse.e4.ui.workbench.renderers.swt 0.16.800.v20250519-1609]
> Start Eclipse Dependency Injection Extensions [org.eclipse.e4.core.di.extensions 0.18.300.v20240413-1529]
> Start Eclipse CSS SWT Support [org.eclipse.e4.ui.css.swt 0.15.600.v20250409-1135]
> Start Default Text Editor [org.eclipse.ui.editors 3.20.0.v20250514-1719]
> Start Text Editor Framework [org.eclipse.ui.workbench.texteditor 3.19.200.v20250514-1719]
2025-07-18 16:48:57.670 - Configure workbench window
> Start DBeaver SQL Model [org.jkiss.dbeaver.model.sql 1.0.148.202507061449]
2025-07-18 16:48:57.788 - Total database drivers: 124 (124)
> Start Help System Core [org.eclipse.help 3.10.500.v20250423-1201]
2025-07-18 16:48:57.853 - Create actions
2025-07-18 16:48:57.860 - Disable Eclipse action set 'org.eclipse.ui.edit.text.actionSet.annotationNavigation'
2025-07-18 16:48:57.861 - Disable Eclipse action set 'org.eclipse.ui.WorkingSetActionSet'
2025-07-18 16:48:57.861 - Disable Eclipse action set 'org.eclipse.ui.actionSet.openFiles'
2025-07-18 16:48:57.862 - Create workbench actions
2025-07-18 16:48:58.236 - Initialize workbench window
2025-07-18 16:48:58.241 - Finish initialization
> Start DBeaver UI Editors - Data [org.jkiss.dbeaver.ui.editors.data 1.0.158.202507061449]
> Start DBeaver UI Editors - SQL [org.jkiss.dbeaver.ui.editors.sql 1.0.158.202507061449]
> Start DBeaver SQL Terminal [org.jkiss.dbeaver.ui.editors.sql.terminal 1.0.134.202507061449]
> Start Core Compare Support [org.eclipse.compare.core 3.8.700.v20250120-0641]
> Start Equinox Java Authentication and Authorization Service (JAAS) [org.eclipse.equinox.security 1.4.600.v20250521-0413]
> Start Internet Connection Management UI [org.eclipse.ui.net 1.5.400.v20240413-1529]
> Start Internet Connection Management [org.eclipse.core.net 1.5.700.v20250313-0656]
> Start DBeaver Sample Database [org.jkiss.dbeaver.ui.config.sample 1.0.195.202507061449]
> Start GEF Classic Draw2d [org.eclipse.draw2d 3.20.0.202505280821]
> Start GEF Classic GEF (MVC) [org.eclipse.gef 3.22.0.202505280821]
> Start DBeaver ERD UI [org.jkiss.dbeaver.erd.ui 3.0.118.202507061449]
> Start DBeaver ERD Model [org.jkiss.dbeaver.erd.model 1.0.118.202507061449]
> Start DBeaver Dashboard UI [org.jkiss.dbeaver.ui.dashboard 1.0.155.202507061449]
> Start DBeaver JDBC Model [org.jkiss.dbeaver.model.jdbc 1.0.51.202507061449]
> Start DBeaver Oracle Model [org.jkiss.dbeaver.ext.oracle 2.1.243.202507061449]
> Start Console [org.eclipse.ui.console 3.14.300.v20250509-1251]
> Start Debug Core [org.eclipse.debug.core 3.23.0.v20250509-1924]
2025-07-18 16:48:59.955 - Connect with 'XE' (oracle_thin-1981ba823a3-4b0df236f72f4a0b)
2025-07-18 16:48:59.978 - Execution context opened (XE; Main; 0)
2025-07-18 16:49:00.215 - Execution context opened (XE; Metadata; 1)
2025-07-18 16:49:00.246 - Connected (oracle_thin-1981ba823a3-4b0df236f72f4a0b, Oracle JDBC driver [11.2.0.2.0])
2025-07-18 16:49:00.258 - Execution context opened (XE; SQLEditor <day07(집합, view, 시퀀스).sql>; 2)
> Start DBeaver SQL Language Semantic Model [org.jkiss.dbeaver.model.lsm 1.0.53.202507061449]
> Start DBeaver Tasks - Native Tools UI [org.jkiss.dbeaver.tasks.native.ui 1.0.136.202507061449]
> Start DBeaver Oracle UI [org.jkiss.dbeaver.ext.oracle.ui 1.0.145.202507061449]
> Start DBeaver Tasks - General UI [org.jkiss.dbeaver.tasks.ui 1.0.136.202507061449]
2025-07-18 16:50:12.188 - Table 'SEQ_USER_ID' not found in metadata catalog
> Start DBeaver GIS Support [org.jkiss.dbeaver.data.gis 1.0.182.202507061449]
2025-07-18 16:50:33.741 - Table 'SEQ_USER_ID' not found in metadata catalog
2025-07-18 16:50:36.405 - Table 'SEQ_USER_ID' not found in metadata catalog
2025-07-18 16:50:36.731 - Table 'SEQ_USER_ID' not found in metadata catalog
2025-07-18 16:50:37.139 - Table 'SEQ_USER_ID' not found in metadata catalog
2025-07-18 16:51:08.093 - Table 'SEQ_USER_ID' not found in metadata catalog
2025-07-18 16:51:11.933 - Table 'SEQ_USER_ID' not found in metadata catalog
2025-07-18 16:51:14.181 - Table 'SEQ_USER_ID' not found in metadata catalog
> Start DBeaver Data Transfer [org.jkiss.dbeaver.data.transfer 2.0.142.202507061449]
2025-07-18 17:17:16.095 - ORA-00904: "P"."TYPE": invalid identifier

java.sql.SQLSyntaxErrorException: ORA-00904: "P"."TYPE": invalid identifier

	at oracle.jdbc.driver.T4CTTIoer.processError(T4CTTIoer.java:440)
	at oracle.jdbc.driver.T4CTTIoer.processError(T4CTTIoer.java:396)
	at oracle.jdbc.driver.T4C8Oall.processError(T4C8Oall.java:837)
	at oracle.jdbc.driver.T4CTTIfun.receive(T4CTTIfun.java:445)
	at oracle.jdbc.driver.T4CTTIfun.doRPC(T4CTTIfun.java:191)
	at oracle.jdbc.driver.T4C8Oall.doOALL(T4C8Oall.java:523)
	at oracle.jdbc.driver.T4CPreparedStatement.doOall8(T4CPreparedStatement.java:207)
	at oracle.jdbc.driver.T4CPreparedStatement.executeForDescribe(T4CPreparedStatement.java:859)
	at oracle.jdbc.driver.OracleStatement.executeMaybeDescribe(OracleStatement.java:1153)
	at oracle.jdbc.driver.OracleStatement.doExecuteWithTimeout(OracleStatement.java:1275)
	at oracle.jdbc.driver.OraclePreparedStatement.executeInternal(OraclePreparedStatement.java:3576)
	at oracle.jdbc.driver.OraclePreparedStatement.execute(OraclePreparedStatement.java:3677)
	at oracle.jdbc.driver.OraclePreparedStatementWrapper.execute(OraclePreparedStatementWrapper.java:1374)
	at org.jkiss.dbeaver.model.impl.jdbc.exec.JDBCPreparedStatementImpl.execute(JDBCPreparedStatementImpl.java:261)
	at org.jkiss.dbeaver.model.impl.jdbc.exec.JDBCPreparedStatementImpl.executeStatement(JDBCPreparedStatementImpl.java:205)
	at org.jkiss.dbeaver.model.impl.jdbc.cache.JDBCObjectCache.loadObjects(JDBCObjectCache.java:116)
	at org.jkiss.dbeaver.model.impl.jdbc.cache.JDBCObjectCache.getAllObjects(JDBCObjectCache.java:76)
	at org.jkiss.dbeaver.ext.oracle.model.OracleTableBase.getTablePrivs(OracleTableBase.java:361)
	at java.base/jdk.internal.reflect.DirectMethodHandleAccessor.invoke(Unknown Source)
	at java.base/java.lang.reflect.Method.invoke(Unknown Source)
	at org.jkiss.dbeaver.model.navigator.DBNDatabaseNode.extractPropertyValue(DBNDatabaseNode.java:1057)
	at org.jkiss.dbeaver.model.navigator.DBNDatabaseNode$PropertyValueReader.run(DBNDatabaseNode.java:1129)
	at org.jkiss.dbeaver.model.navigator.DBNDatabaseNode$PropertyValueReader.run(DBNDatabaseNode.java:1)
	at org.jkiss.dbeaver.model.exec.DBExecUtils.tryExecuteRecover(DBExecUtils.java:189)
	at org.jkiss.dbeaver.model.navigator.DBNDatabaseNode.loadTreeItems(DBNDatabaseNode.java:664)
	at org.jkiss.dbeaver.model.navigator.DBNDatabaseNode.loadChildren(DBNDatabaseNode.java:475)
	at org.jkiss.dbeaver.model.navigator.DBNDatabaseNode.getChildren(DBNDatabaseNode.java:229)
	at org.jkiss.dbeaver.model.navigator.DBNDatabaseNode.getChildren(DBNDatabaseNode.java:1)
	at org.jkiss.dbeaver.model.navigator.DBNUtils.getNodeChildrenFiltered(DBNUtils.java:94)
	at org.jkiss.dbeaver.ui.navigator.itemlist.ItemListControl$ItemLoadService.evaluate(ItemListControl.java:285)
	at org.jkiss.dbeaver.ui.navigator.itemlist.ItemListControl$ItemLoadService.evaluate(ItemListControl.java:1)
	at org.jkiss.dbeaver.ui.LoadingJob.run(LoadingJob.java:88)
	at org.jkiss.dbeaver.model.runtime.AbstractJob.run(AbstractJob.java:119)
	at org.eclipse.core.internal.jobs.Worker.run(Worker.java:63)
2025-07-18 17:17:54.634 - Execution context opened (XE; SQLEditor <day07(조인).sql>; 3)
2025-07-18 17:19:36.686 - SQL Error [913] [42000]: ORA-00913: too many values

org.jkiss.dbeaver.model.sql.DBSQLException: SQL Error [913] [42000]: ORA-00913: too many values

	at org.jkiss.dbeaver.model.impl.jdbc.exec.JDBCStatementImpl.executeStatement(JDBCStatementImpl.java:130)
	at org.jkiss.dbeaver.ui.editors.sql.execute.SQLQueryJob.executeStatement(SQLQueryJob.java:657)
	at org.jkiss.dbeaver.ui.editors.sql.execute.SQLQueryJob.lambda$2(SQLQueryJob.java:550)
	at org.jkiss.dbeaver.ui.editors.sql.execute.SQLQueryJob.executeSingleQuery(SQLQueryJob.java:572)
	at org.jkiss.dbeaver.ui.editors.sql.execute.SQLQueryJob.extractData(SQLQueryJob.java:1043)
	at org.jkiss.dbeaver.ui.editors.sql.SQLEditor$QueryResultsContainer.readData(SQLEditor.java:4495)
	at org.jkiss.dbeaver.ui.controls.resultset.ResultSetJobDataRead.lambda$0(ResultSetJobDataRead.java:128)
	at org.jkiss.dbeaver.model.exec.DBExecUtils.tryExecuteRecover(DBExecUtils.java:189)
	at org.jkiss.dbeaver.ui.controls.resultset.ResultSetJobDataRead.run(ResultSetJobDataRead.java:126)
	at org.jkiss.dbeaver.ui.controls.resultset.ResultSetViewer$ResultSetDataPumpJob.run(ResultSetViewer.java:5146)
	at org.jkiss.dbeaver.model.runtime.AbstractJob.run(AbstractJob.java:119)
	at org.eclipse.core.internal.jobs.Worker.run(Worker.java:63)
Caused by: java.sql.SQLSyntaxErrorException: ORA-00913: too many values

	at oracle.jdbc.driver.T4CTTIoer.processError(T4CTTIoer.java:440)
	at oracle.jdbc.driver.T4CTTIoer.processError(T4CTTIoer.java:396)
	at oracle.jdbc.driver.T4C8Oall.processError(T4C8Oall.java:837)
	at oracle.jdbc.driver.T4CTTIfun.receive(T4CTTIfun.java:445)
	at oracle.jdbc.driver.T4CTTIfun.doRPC(T4CTTIfun.java:191)
	at oracle.jdbc.driver.T4C8Oall.doOALL(T4C8Oall.java:523)
	at oracle.jdbc.driver.T4CStatement.doOall8(T4CStatement.java:193)
	at oracle.jdbc.driver.T4CStatement.executeForRows(T4CStatement.java:999)
	at oracle.jdbc.driver.OracleStatement.doExecuteWithTimeout(OracleStatement.java:1315)
	at oracle.jdbc.driver.OracleStatement.executeInternal(OracleStatement.java:1890)
	at oracle.jdbc.driver.OracleStatement.execute(OracleStatement.java:1855)
	at oracle.jdbc.driver.OracleStatementWrapper.execute(OracleStatementWrapper.java:304)
	at org.jkiss.dbeaver.model.impl.jdbc.exec.JDBCStatementImpl.execute(JDBCStatementImpl.java:344)
	at org.jkiss.dbeaver.model.impl.jdbc.exec.JDBCStatementImpl.executeStatement(JDBCStatementImpl.java:128)
	... 11 more
2025-07-18 17:19:36.750 - Error binding callable statement parameters from metadata: Unsupported feature
2025-07-18 17:19:36.750 - Error obtaining output parameters from metadata: Unsupported feature
2025-07-18 17:19:36.750 - Can't obtain procedure metadata nor jdbc metadata
2025-07-18 17:20:06.143 - SQL Error [1779] [42000]: ORA-01779: cannot modify a column which maps to a non key-preserved table

org.jkiss.dbeaver.model.sql.DBSQLException: SQL Error [1779] [42000]: ORA-01779: cannot modify a column which maps to a non key-preserved table

	at org.jkiss.dbeaver.model.impl.jdbc.exec.JDBCStatementImpl.executeStatement(JDBCStatementImpl.java:130)
	at org.jkiss.dbeaver.ui.editors.sql.execute.SQLQueryJob.executeStatement(SQLQueryJob.java:657)
	at org.jkiss.dbeaver.ui.editors.sql.execute.SQLQueryJob.lambda$2(SQLQueryJob.java:550)
	at org.jkiss.dbeaver.ui.editors.sql.execute.SQLQueryJob.executeSingleQuery(SQLQueryJob.java:572)
	at org.jkiss.dbeaver.ui.editors.sql.execute.SQLQueryJob.extractData(SQLQueryJob.java:1043)
	at org.jkiss.dbeaver.ui.editors.sql.SQLEditor$QueryResultsContainer.readData(SQLEditor.java:4495)
	at org.jkiss.dbeaver.ui.controls.resultset.ResultSetJobDataRead.lambda$0(ResultSetJobDataRead.java:128)
	at org.jkiss.dbeaver.model.exec.DBExecUtils.tryExecuteRecover(DBExecUtils.java:189)
	at org.jkiss.dbeaver.ui.controls.resultset.ResultSetJobDataRead.run(ResultSetJobDataRead.java:126)
	at org.jkiss.dbeaver.ui.controls.resultset.ResultSetViewer$ResultSetDataPumpJob.run(ResultSetViewer.java:5146)
	at org.jkiss.dbeaver.model.runtime.AbstractJob.run(AbstractJob.java:119)
	at org.eclipse.core.internal.jobs.Worker.run(Worker.java:63)
Caused by: java.sql.SQLSyntaxErrorException: ORA-01779: cannot modify a column which maps to a non key-preserved table

	at oracle.jdbc.driver.T4CTTIoer.processError(T4CTTIoer.java:440)
	at oracle.jdbc.driver.T4CTTIoer.processError(T4CTTIoer.java:396)
	at oracle.jdbc.driver.T4C8Oall.processError(T4C8Oall.java:837)
	at oracle.jdbc.driver.T4CTTIfun.receive(T4CTTIfun.java:445)
	at oracle.jdbc.driver.T4CTTIfun.doRPC(T4CTTIfun.java:191)
	at oracle.jdbc.driver.T4C8Oall.doOALL(T4C8Oall.java:523)
	at oracle.jdbc.driver.T4CStatement.doOall8(T4CStatement.java:193)
	at oracle.jdbc.driver.T4CStatement.executeForRows(T4CStatement.java:999)
	at oracle.jdbc.driver.OracleStatement.doExecuteWithTimeout(OracleStatement.java:1315)
	at oracle.jdbc.driver.OracleStatement.executeInternal(OracleStatement.java:1890)
	at oracle.jdbc.driver.OracleStatement.execute(OracleStatement.java:1855)
	at oracle.jdbc.driver.OracleStatementWrapper.execute(OracleStatementWrapper.java:304)
	at org.jkiss.dbeaver.model.impl.jdbc.exec.JDBCStatementImpl.execute(JDBCStatementImpl.java:344)
	at org.jkiss.dbeaver.model.impl.jdbc.exec.JDBCStatementImpl.executeStatement(JDBCStatementImpl.java:128)
	... 11 more
2025-07-18 17:20:06.192 - Error binding callable statement parameters from metadata: Unsupported feature
2025-07-18 17:20:06.192 - Error obtaining output parameters from metadata: Unsupported feature
2025-07-18 17:20:06.193 - Can't obtain procedure metadata nor jdbc metadata
2025-07-18 17:30:05.331 - Can't get column 'EXTERNAL_NAME': Invalid column name
2025-07-18 17:30:05.331 - Can't get column 'ACCOUNT_STATUS': Invalid column name
2025-07-18 17:30:05.331 - Can't get column 'LOCK_DATE': Invalid column name
2025-07-18 17:30:05.331 - Can't get column 'EXPIRY_DATE': Invalid column name
2025-07-18 17:30:05.331 - Can't get column 'DEFAULT_TABLESPACE': Invalid column name
2025-07-18 17:30:05.331 - Can't get column 'TEMPORARY_TABLESPACE': Invalid column name
2025-07-18 17:30:05.331 - Can't get column 'PROFILE': Invalid column name
2025-07-18 17:30:05.331 - Can't get column 'INITIAL_RSRC_CONSUMER_GROUP': Invalid column name
2025-07-18 17:48:01.777 - Connect with 'XE' (oracle_thin-19815c69850-1ab1f9e8ab9530de)
2025-07-18 17:48:01.778 - Execution context opened (XE; Main; 4)
2025-07-18 17:48:01.790 - Execution context opened (XE; Metadata; 5)
2025-07-18 17:48:01.805 - Connected (oracle_thin-19815c69850-1ab1f9e8ab9530de, Oracle JDBC driver [11.2.0.2.0])
2025-07-18 17:48:01.840 - Execution context opened (XE; SQLEditor <day06 (집계함수, GROUP BY).sql>; 6)
2025-07-18 17:48:02.561 - Execution context opened (XE; SQLEditor <day06(서브쿼리 실습).sql>; 7)
2025-07-18 17:48:15.744 - Execution context opened (XE; SQLEditor <day06(서브쿼리).sql>; 8)
2025-07-18 17:48:31.293 - Service 'org.jkiss.dbeaver.ui.UIServiceConnectionEditor' not found
2025-07-18 17:48:31.331 - Auth model 'native' was replaced by 'oracle_native'
2025-07-18 17:48:31.341 - Service 'org.jkiss.dbeaver.runtime.ui.UIServiceSecurity' not found
2025-07-18 17:48:41.447 - Connect with 'Oracle' (oracle_thin-1981cb8abdc-88afcf1b004ced3)
2025-07-18 17:48:41.448 - Execution context opened (Oracle; Main; 9)
2025-07-18 17:48:41.461 - Connected (oracle_thin-1981cb8abdc-88afcf1b004ced3, Oracle JDBC driver [11.2.0.2.0])
2025-07-18 17:48:41.474 - Execution context closed (Oracle, 9)
2025-07-18 17:48:41.475 - Disconnected (oracle_thin-1981cb8abdc-88afcf1b004ced3)
2025-07-18 17:48:58.379 - Service 'org.jkiss.dbeaver.ui.UIServiceConnectionEditor' not found
2025-07-18 17:48:58.400 - Auth model 'native' was replaced by 'oracle_native'
2025-07-18 17:48:58.400 - Service 'org.jkiss.dbeaver.runtime.ui.UIServiceSecurity' not found
2025-07-18 17:49:06.006 - Connect with 'Oracle' (oracle_thin-1981cb90bcc-25986acbed101f12)
2025-07-18 17:49:06.006 - Execution context opened (Oracle; Main; 10)
2025-07-18 17:49:06.019 - Connected (oracle_thin-1981cb90bcc-25986acbed101f12, Oracle JDBC driver [11.2.0.2.0])
2025-07-18 17:49:06.030 - Execution context closed (Oracle, 10)
2025-07-18 17:49:06.030 - Disconnected (oracle_thin-1981cb90bcc-25986acbed101f12)
2025-07-18 17:49:09.994 - Connect with 'XE 2' (oracle_thin-1981cb8edfd-75fd73b65173cbf8)
2025-07-18 17:49:09.994 - Execution context opened (XE 2; Main; 11)
2025-07-18 17:49:10.002 - Execution context opened (XE 2; Metadata; 12)
2025-07-18 17:49:10.016 - Connected (oracle_thin-1981cb8edfd-75fd73b65173cbf8, Oracle JDBC driver [11.2.0.2.0])
2025-07-18 17:49:10.019 - Execution context opened (XE 2; SQLEditor <Script.sql>; 13)
2025-07-18 17:49:17.031 - Execution context opened (XE; SQLEditor <Script.sql>; 14)
2025-07-18 17:49:17.042 - Execution context closed (XE 2, 13)
2025-07-18 17:49:20.583 - Execution context opened (XE 2; SQLEditor <Script.sql>; 15)
2025-07-18 17:49:20.593 - Execution context closed (XE, 14)
2025-07-18 17:49:42.005 - Execution context opened (XE; SQLEditor <day06(조인).sql>; 16)
2025-07-18 17:52:27.438 - Search condition or value expression expected while facing with rowValueConstructorElement
2025-07-18 17:52:52.562 - Search condition or value expression expected while facing with rowValueConstructorElement
2025-07-18 18:01:36.556 - Execution context closed (XE, 3)
2025-07-18 18:01:36.588 - Execution context closed (XE, 2)
2025-07-18 18:01:36.663 - Execution context closed (XE, 6)
2025-07-18 18:01:36.687 - Execution context closed (XE, 7)
2025-07-18 18:01:36.709 - Execution context closed (XE, 8)
2025-07-18 18:01:36.732 - Execution context closed (XE, 16)
2025-07-18 18:01:36.764 - Execution context closed (XE 2, 15)
2025-07-18 18:01:36.873 - Dispose navigator model
2025-07-18 18:01:36.888 - DBeaver is stopping
2025-07-18 18:01:36.888 - Stop instance server
2025-07-18 18:01:37.900 - DBeaver shutdown completed
